<?xml version="1.0" encoding="UTF-8"?>
<coverage generated="1517912777246" clover="3.2.0">
  <project timestamp="1517912777246" name="All files">
    <metrics statements="154" coveredstatements="154" conditionals="117" coveredconditionals="117" methods="70" coveredmethods="70" elements="341" coveredelements="341" complexity="0" loc="154" ncloc="154" packages="1" files="1" classes="1">
      <file name="Typeahead.jsx" path="C:\projects\puc\SundD\typereact\src\Typeahead.jsx">
        <metrics statements="154" coveredstatements="154" conditionals="117" coveredconditionals="117" methods="70" coveredmethods="70"/>
        <line num="5" count="1" type="stmt"/>
        <line num="6" count="1" type="stmt"/>
        <line num="7" count="1" type="stmt"/>
        <line num="8" count="1" type="stmt"/>
        <line num="9" count="1" type="stmt"/>
        <line num="10" count="1" type="stmt"/>
        <line num="61" count="61" type="stmt"/>
        <line num="67" count="1" type="stmt"/>
        <line num="73" count="24" type="stmt"/>
        <line num="74" count="24" type="stmt"/>
        <line num="75" count="24" type="stmt"/>
        <line num="76" count="24" type="stmt"/>
        <line num="81" count="167" type="cond" truecount="2" falsecount="0"/>
        <line num="82" count="167" type="stmt"/>
        <line num="85" count="167" type="stmt"/>
        <line num="89" count="167" type="cond" truecount="4" falsecount="0"/>
        <line num="90" count="1" type="stmt"/>
        <line num="96" count="167" type="stmt"/>
        <line num="100" count="249" type="cond" truecount="2" falsecount="0"/>
        <line num="101" count="12" type="stmt"/>
        <line num="104" count="12" type="stmt"/>
        <line num="106" count="237" type="cond" truecount="2" falsecount="0"/>
        <line num="107" count="44" type="cond" truecount="2" falsecount="0"/>
        <line num="108" count="40" type="stmt"/>
        <line num="111" count="40" type="stmt"/>
        <line num="114" count="4" type="stmt"/>
        <line num="118" count="193" type="cond" truecount="4" falsecount="0"/>
        <line num="119" count="13" type="cond" truecount="2" falsecount="0"/>
        <line num="120" count="11" type="stmt"/>
        <line num="121" count="11" type="stmt"/>
        <line num="123" count="180" type="cond" truecount="2" falsecount="0"/>
        <line num="124" count="3" type="stmt"/>
        <line num="131" count="35" type="stmt"/>
        <line num="132" count="35" type="cond" truecount="2" falsecount="0"/>
        <line num="133" count="6" type="stmt"/>
        <line num="135" count="29" type="stmt"/>
        <line num="136" count="29" type="stmt"/>
        <line num="137" count="29" type="stmt"/>
        <line num="138" count="29" type="cond" truecount="2" falsecount="0"/>
        <line num="139" count="29" type="cond" truecount="2" falsecount="0"/>
        <line num="141" count="29" type="stmt"/>
        <line num="149" count="765" type="stmt"/>
        <line num="150" count="11" type="stmt"/>
        <line num="151" count="11" type="stmt"/>
        <line num="152" count="11" type="stmt"/>
        <line num="153" count="11" type="stmt"/>
        <line num="161" count="51" type="stmt"/>
        <line num="162" count="51" type="cond" truecount="2" falsecount="0"/>
        <line num="163" count="38" type="stmt"/>
        <line num="168" count="38" type="stmt"/>
        <line num="172" count="24" type="stmt"/>
        <line num="176" count="29" type="stmt"/>
        <line num="177" count="29" type="cond" truecount="2" falsecount="0"/>
        <line num="178" count="6" type="stmt"/>
        <line num="180" count="23" type="cond" truecount="4" falsecount="0"/>
        <line num="181" count="3" type="stmt"/>
        <line num="183" count="20" type="cond" truecount="2" falsecount="0"/>
        <line num="184" count="1" type="stmt"/>
        <line num="186" count="19" type="stmt"/>
        <line num="187" count="19" type="stmt"/>
        <line num="191" count="82" type="stmt"/>
        <line num="192" count="259" type="stmt"/>
        <line num="193" count="82" type="cond" truecount="2" falsecount="0"/>
        <line num="197" count="12" type="stmt"/>
        <line num="198" count="12" type="cond" truecount="2" falsecount="0"/>
        <line num="199" count="12" type="stmt"/>
        <line num="200" count="12" type="cond" truecount="5" falsecount="0"/>
        <line num="201" count="1" type="stmt"/>
        <line num="203" count="11" type="cond" truecount="2" falsecount="0"/>
        <line num="207" count="40" type="stmt"/>
        <line num="208" count="40" type="cond" truecount="2" falsecount="0"/>
        <line num="210" count="40" type="stmt"/>
        <line num="211" count="40" type="cond" truecount="2" falsecount="0"/>
        <line num="214" count="16" type="cond" truecount="2" falsecount="0"/>
        <line num="215" count="1" type="stmt"/>
        <line num="218" count="662" type="stmt"/>
        <line num="222" count="72" type="stmt"/>
        <line num="225" count="24" type="stmt"/>
        <line num="226" count="6" type="stmt"/>
        <line num="227" count="24" type="stmt"/>
        <line num="229" count="24" type="cond" truecount="2" falsecount="0"/>
        <line num="231" count="24" type="stmt"/>
        <line num="234" count="7772" type="stmt"/>
        <line num="237" count="4936" type="cond" truecount="2" falsecount="0"/>
        <line num="238" count="1580" type="stmt"/>
        <line num="239" count="1580" type="cond" truecount="2" falsecount="0"/>
        <line num="240" count="382" type="stmt"/>
        <line num="243" count="4554" type="stmt"/>
        <line num="247" count="2051" type="stmt"/>
        <line num="249" count="2051" type="cond" truecount="2" falsecount="0"/>
        <line num="250" count="817" type="stmt"/>
        <line num="252" count="1234" type="stmt"/>
        <line num="255" count="2051" type="stmt"/>
        <line num="259" count="8295" type="stmt"/>
        <line num="260" count="2175" type="cond" truecount="2" falsecount="0"/>
        <line num="261" count="132" type="stmt"/>
        <line num="262" count="2043" type="cond" truecount="4" falsecount="0"/>
        <line num="263" count="44" type="stmt"/>
        <line num="265" count="1999" type="stmt"/>
        <line num="269" count="3" type="stmt"/>
        <line num="278" count="84" type="stmt"/>
        <line num="280" count="84" type="stmt"/>
        <line num="281" count="84" type="cond" truecount="2" falsecount="0"/>
        <line num="282" count="26" type="stmt"/>
        <line num="284" count="84" type="cond" truecount="2" falsecount="0"/>
        <line num="285" count="1" type="stmt"/>
        <line num="288" count="83" type="cond" truecount="2" falsecount="0"/>
        <line num="289" count="38" type="stmt"/>
        <line num="291" count="83" type="cond" truecount="2" falsecount="0"/>
        <line num="292" count="1" type="stmt"/>
        <line num="297" count="84" type="stmt"/>
        <line num="299" count="82" type="stmt"/>
        <line num="300" count="82" type="cond" truecount="2" falsecount="0"/>
        <line num="301" count="82" type="stmt"/>
        <line num="307" count="82" type="cond" truecount="4" falsecount="0"/>
        <line num="308" count="2" type="stmt"/>
        <line num="309" count="2" type="stmt"/>
        <line num="318" count="117" type="cond" truecount="2" falsecount="0"/>
        <line num="319" count="24" type="stmt"/>
        <line num="321" count="1573" type="stmt"/>
        <line num="324" count="816" type="stmt"/>
        <line num="325" count="816" type="stmt"/>
        <line num="329" count="52" type="cond" truecount="5" falsecount="0"/>
        <line num="330" count="51" type="stmt"/>
        <line num="331" count="51" type="stmt"/>
        <line num="332" count="51" type="stmt"/>
        <line num="337" count="81" type="stmt"/>
        <line num="341" count="81" type="stmt"/>
        <line num="345" count="3" type="stmt"/>
        <line num="349" count="454" type="cond" truecount="5" falsecount="0"/>
        <line num="351" count="146" type="stmt"/>
        <line num="361" count="454" type="cond" truecount="5" falsecount="0"/>
        <line num="362" count="116" type="stmt"/>
        <line num="366" count="116" type="stmt"/>
        <line num="372" count="116" type="stmt"/>
        <line num="376" count="765" type="stmt"/>
        <line num="377" count="1457" type="stmt"/>
        <line num="392" count="210" type="stmt"/>
        <line num="393" count="210" type="stmt"/>
        <line num="395" count="210" type="cond" truecount="4" falsecount="0"/>
        <line num="396" count="114" type="stmt"/>
        <line num="399" count="96" type="stmt"/>
        <line num="402" count="80" type="stmt"/>
        <line num="408" count="105" type="stmt"/>
        <line num="412" count="662" type="cond" truecount="2" falsecount="0"/>
        <line num="413" count="454" type="stmt"/>
        <line num="414" count="881" type="stmt"/>
        <line num="418" count="569" type="stmt"/>
        <line num="426" count="2" type="stmt"/>
        <line num="427" count="2" type="stmt"/>
        <line num="431" count="662" type="cond" truecount="4" falsecount="0"/>
        <line num="432" count="6" type="stmt"/>
        <line num="439" count="662" type="cond" truecount="2" falsecount="0"/>
        <line num="440" count="662" type="stmt"/>
      </file>
    </metrics>
  </project>
</coverage>
