{"C:\\projects\\puc\\SundD\\typereact\\src\\Typeahead.jsx": {"path":"C:\\projects\\puc\\SundD\\typereact\\src\\Typeahead.jsx","statementMap":{"0":{"start":{"line":5,"column":22},"end":{"line":5,"column":31}},"1":{"start":{"line":6,"column":22},"end":{"line":6,"column":24}},"2":{"start":{"line":7,"column":18},"end":{"line":7,"column":20}},"3":{"start":{"line":8,"column":25},"end":{"line":8,"column":28}},"4":{"start":{"line":9,"column":15},"end":{"line":9,"column":17}},"5":{"start":{"line":10,"column":17},"end":{"line":10,"column":19}},"6":{"start":{"line":61,"column":8},"end":{"line":63,"column":11}},"7":{"start":{"line":67,"column":8},"end":{"line":69,"column":11}},"8":{"start":{"line":73,"column":30},"end":{"line":73,"column":46}},"9":{"start":{"line":74,"column":8},"end":{"line":77,"column":11}},"10":{"start":{"line":75,"column":12},"end":{"line":75,"column":53}},"11":{"start":{"line":76,"column":12},"end":{"line":76,"column":31}},"12":{"start":{"line":81,"column":22},"end":{"line":81,"column":53}},"13":{"start":{"line":82,"column":8},"end":{"line":92,"column":11}},"14":{"start":{"line":85,"column":12},"end":{"line":87,"column":15}},"15":{"start":{"line":89,"column":12},"end":{"line":91,"column":13}},"16":{"start":{"line":90,"column":16},"end":{"line":90,"column":35}},"17":{"start":{"line":96,"column":8},"end":{"line":96,"column":72}},"18":{"start":{"line":100,"column":8},"end":{"line":127,"column":9}},"19":{"start":{"line":101,"column":12},"end":{"line":105,"column":15}},"20":{"start":{"line":104,"column":16},"end":{"line":104,"column":56}},"21":{"start":{"line":106,"column":15},"end":{"line":127,"column":9}},"22":{"start":{"line":107,"column":12},"end":{"line":117,"column":13}},"23":{"start":{"line":108,"column":16},"end":{"line":112,"column":19}},"24":{"start":{"line":111,"column":20},"end":{"line":111,"column":60}},"25":{"start":{"line":114,"column":16},"end":{"line":116,"column":19}},"26":{"start":{"line":118,"column":15},"end":{"line":127,"column":9}},"27":{"start":{"line":119,"column":12},"end":{"line":122,"column":13}},"28":{"start":{"line":120,"column":38},"end":{"line":120,"column":54}},"29":{"start":{"line":121,"column":16},"end":{"line":121,"column":74}},"30":{"start":{"line":123,"column":15},"end":{"line":127,"column":9}},"31":{"start":{"line":124,"column":12},"end":{"line":126,"column":15}},"32":{"start":{"line":131,"column":34},"end":{"line":131,"column":52}},"33":{"start":{"line":132,"column":8},"end":{"line":146,"column":9}},"34":{"start":{"line":133,"column":12},"end":{"line":133,"column":32}},"35":{"start":{"line":135,"column":34},"end":{"line":135,"column":50}},"36":{"start":{"line":136,"column":45},"end":{"line":136,"column":80}},"37":{"start":{"line":137,"column":35},"end":{"line":137,"column":73}},"38":{"start":{"line":138,"column":45},"end":{"line":138,"column":91}},"39":{"start":{"line":139,"column":30},"end":{"line":140,"column":73}},"40":{"start":{"line":141,"column":12},"end":{"line":145,"column":34}},"41":{"start":{"line":149,"column":58},"end":{"line":159,"column":5}},"42":{"start":{"line":150,"column":8},"end":{"line":150,"column":28}},"43":{"start":{"line":151,"column":8},"end":{"line":151,"column":27}},"44":{"start":{"line":152,"column":30},"end":{"line":152,"column":46}},"45":{"start":{"line":153,"column":8},"end":{"line":158,"column":51}},"46":{"start":{"line":161,"column":44},"end":{"line":165,"column":5}},"47":{"start":{"line":162,"column":8},"end":{"line":164,"column":9}},"48":{"start":{"line":163,"column":12},"end":{"line":163,"column":33}},"49":{"start":{"line":168,"column":8},"end":{"line":168,"column":68}},"50":{"start":{"line":172,"column":8},"end":{"line":172,"column":66}},"51":{"start":{"line":176,"column":33},"end":{"line":176,"column":60}},"52":{"start":{"line":177,"column":8},"end":{"line":179,"column":9}},"53":{"start":{"line":178,"column":12},"end":{"line":178,"column":33}},"54":{"start":{"line":180,"column":8},"end":{"line":182,"column":9}},"55":{"start":{"line":181,"column":12},"end":{"line":181,"column":41}},"56":{"start":{"line":183,"column":8},"end":{"line":185,"column":9}},"57":{"start":{"line":184,"column":12},"end":{"line":184,"column":29}},"58":{"start":{"line":186,"column":32},"end":{"line":186,"column":58}},"59":{"start":{"line":187,"column":8},"end":{"line":187,"column":55}},"60":{"start":{"line":191,"column":33},"end":{"line":191,"column":38}},"61":{"start":{"line":192,"column":35},"end":{"line":192,"column":80}},"62":{"start":{"line":192,"column":60},"end":{"line":192,"column":79}},"63":{"start":{"line":193,"column":8},"end":{"line":193,"column":74}},"64":{"start":{"line":197,"column":35},"end":{"line":197,"column":62}},"65":{"start":{"line":198,"column":45},"end":{"line":198,"column":106}},"66":{"start":{"line":199,"column":34},"end":{"line":199,"column":67}},"67":{"start":{"line":200,"column":8},"end":{"line":202,"column":9}},"68":{"start":{"line":201,"column":12},"end":{"line":201,"column":22}},"69":{"start":{"line":203,"column":8},"end":{"line":203,"column":85}},"70":{"start":{"line":207,"column":35},"end":{"line":207,"column":62}},"71":{"start":{"line":208,"column":41},"end":{"line":209,"column":34}},"72":{"start":{"line":210,"column":30},"end":{"line":210,"column":90}},"73":{"start":{"line":211,"column":8},"end":{"line":211,"column":77}},"74":{"start":{"line":214,"column":44},"end":{"line":215,"column":91}},"75":{"start":{"line":215,"column":47},"end":{"line":215,"column":90}},"76":{"start":{"line":218,"column":8},"end":{"line":218,"column":37}},"77":{"start":{"line":222,"column":29},"end":{"line":222,"column":107}},"78":{"start":{"line":222,"column":43},"end":{"line":222,"column":107}},"79":{"start":{"line":222,"column":80},"end":{"line":222,"column":106}},"80":{"start":{"line":225,"column":31},"end":{"line":225,"column":80}},"81":{"start":{"line":225,"column":63},"end":{"line":225,"column":78}},"82":{"start":{"line":226,"column":8},"end":{"line":230,"column":11}},"83":{"start":{"line":227,"column":36},"end":{"line":228,"column":57}},"84":{"start":{"line":229,"column":12},"end":{"line":229,"column":105}},"85":{"start":{"line":231,"column":8},"end":{"line":231,"column":73}},"86":{"start":{"line":231,"column":51},"end":{"line":231,"column":71}},"87":{"start":{"line":234,"column":30},"end":{"line":234,"column":102}},"88":{"start":{"line":237,"column":8},"end":{"line":242,"column":9}},"89":{"start":{"line":238,"column":40},"end":{"line":238,"column":110}},"90":{"start":{"line":238,"column":98},"end":{"line":238,"column":109}},"91":{"start":{"line":239,"column":12},"end":{"line":241,"column":13}},"92":{"start":{"line":240,"column":16},"end":{"line":240,"column":28}},"93":{"start":{"line":243,"column":8},"end":{"line":243,"column":42}},"94":{"start":{"line":247,"column":52},"end":{"line":247,"column":117}},"95":{"start":{"line":249,"column":8},"end":{"line":253,"column":9}},"96":{"start":{"line":250,"column":12},"end":{"line":250,"column":41}},"97":{"start":{"line":252,"column":12},"end":{"line":252,"column":76}},"98":{"start":{"line":255,"column":8},"end":{"line":255,"column":23}},"99":{"start":{"line":259,"column":23},"end":{"line":259,"column":63}},"100":{"start":{"line":259,"column":43},"end":{"line":259,"column":62}},"101":{"start":{"line":260,"column":8},"end":{"line":264,"column":9}},"102":{"start":{"line":261,"column":12},"end":{"line":261,"column":32}},"103":{"start":{"line":262,"column":15},"end":{"line":264,"column":9}},"104":{"start":{"line":263,"column":12},"end":{"line":263,"column":25}},"105":{"start":{"line":265,"column":8},"end":{"line":265,"column":29}},"106":{"start":{"line":269,"column":8},"end":{"line":274,"column":54}},"107":{"start":{"line":278,"column":34},"end":{"line":278,"column":44}},"108":{"start":{"line":280,"column":30},"end":{"line":280,"column":50}},"109":{"start":{"line":281,"column":41},"end":{"line":282,"column":67}},"110":{"start":{"line":282,"column":35},"end":{"line":282,"column":66}},"111":{"start":{"line":284,"column":8},"end":{"line":286,"column":9}},"112":{"start":{"line":285,"column":12},"end":{"line":285,"column":86}},"113":{"start":{"line":288,"column":45},"end":{"line":289,"column":87}},"114":{"start":{"line":289,"column":35},"end":{"line":289,"column":86}},"115":{"start":{"line":289,"column":57},"end":{"line":289,"column":85}},"116":{"start":{"line":291,"column":8},"end":{"line":293,"column":9}},"117":{"start":{"line":292,"column":12},"end":{"line":292,"column":83}},"118":{"start":{"line":297,"column":8},"end":{"line":297,"column":30}},"119":{"start":{"line":299,"column":41},"end":{"line":299,"column":46}},"120":{"start":{"line":300,"column":30},"end":{"line":300,"column":96}},"121":{"start":{"line":301,"column":8},"end":{"line":315,"column":11}},"122":{"start":{"line":307,"column":12},"end":{"line":314,"column":13}},"123":{"start":{"line":308,"column":44},"end":{"line":308,"column":60}},"124":{"start":{"line":309,"column":16},"end":{"line":313,"column":62}},"125":{"start":{"line":318,"column":28},"end":{"line":319,"column":101}},"126":{"start":{"line":319,"column":55},"end":{"line":319,"column":93}},"127":{"start":{"line":321,"column":34},"end":{"line":321,"column":97}},"128":{"start":{"line":321,"column":70},"end":{"line":321,"column":96}},"129":{"start":{"line":324,"column":34},"end":{"line":324,"column":75}},"130":{"start":{"line":325,"column":8},"end":{"line":325,"column":61}},"131":{"start":{"line":329,"column":8},"end":{"line":333,"column":9}},"132":{"start":{"line":330,"column":31},"end":{"line":330,"column":119}},"133":{"start":{"line":331,"column":29},"end":{"line":331,"column":53}},"134":{"start":{"line":332,"column":12},"end":{"line":332,"column":77}},"135":{"start":{"line":337,"column":8},"end":{"line":337,"column":30}},"136":{"start":{"line":341,"column":8},"end":{"line":341,"column":46}},"137":{"start":{"line":345,"column":8},"end":{"line":345,"column":45}},"138":{"start":{"line":349,"column":8},"end":{"line":357,"column":9}},"139":{"start":{"line":351,"column":12},"end":{"line":356,"column":14}},"140":{"start":{"line":361,"column":8},"end":{"line":367,"column":9}},"141":{"start":{"line":362,"column":27},"end":{"line":365,"column":13}},"142":{"start":{"line":366,"column":12},"end":{"line":366,"column":49}},"143":{"start":{"line":372,"column":8},"end":{"line":372,"column":78}},"144":{"start":{"line":376,"column":8},"end":{"line":388,"column":10}},"145":{"start":{"line":377,"column":33},"end":{"line":377,"column":86}},"146":{"start":{"line":392,"column":32},"end":{"line":392,"column":58}},"147":{"start":{"line":393,"column":29},"end":{"line":393,"column":91}},"148":{"start":{"line":393,"column":62},"end":{"line":393,"column":90}},"149":{"start":{"line":395,"column":8},"end":{"line":397,"column":9}},"150":{"start":{"line":396,"column":12},"end":{"line":396,"column":24}},"151":{"start":{"line":399,"column":8},"end":{"line":404,"column":10}},"152":{"start":{"line":402,"column":44},"end":{"line":402,"column":101}},"153":{"start":{"line":408,"column":8},"end":{"line":408,"column":55}},"154":{"start":{"line":412,"column":8},"end":{"line":422,"column":9}},"155":{"start":{"line":413,"column":12},"end":{"line":421,"column":14}},"156":{"start":{"line":414,"column":37},"end":{"line":414,"column":71}},"157":{"start":{"line":418,"column":34},"end":{"line":418,"column":91}},"158":{"start":{"line":426,"column":8},"end":{"line":426,"column":27}},"159":{"start":{"line":427,"column":8},"end":{"line":427,"column":27}},"160":{"start":{"line":431,"column":8},"end":{"line":435,"column":9}},"161":{"start":{"line":432,"column":12},"end":{"line":434,"column":14}},"162":{"start":{"line":439,"column":23},"end":{"line":439,"column":63}},"163":{"start":{"line":440,"column":8},"end":{"line":457,"column":10}}},"fnMap":{"0":{"name":"(anonymous_0)","decl":{"start":{"line":42,"column":16},"end":{"line":42,"column":17}},"loc":{"start":{"line":42,"column":22},"end":{"line":42,"column":24}},"line":42},"1":{"name":"(anonymous_1)","decl":{"start":{"line":43,"column":18},"end":{"line":43,"column":19}},"loc":{"start":{"line":43,"column":24},"end":{"line":43,"column":26}},"line":43},"2":{"name":"(anonymous_2)","decl":{"start":{"line":60,"column":19},"end":{"line":60,"column":20}},"loc":{"start":{"line":60,"column":25},"end":{"line":64,"column":5}},"line":60},"3":{"name":"(anonymous_3)","decl":{"start":{"line":66,"column":23},"end":{"line":66,"column":24}},"loc":{"start":{"line":66,"column":29},"end":{"line":70,"column":5}},"line":66},"4":{"name":"(anonymous_4)","decl":{"start":{"line":72,"column":18},"end":{"line":72,"column":19}},"loc":{"start":{"line":72,"column":24},"end":{"line":78,"column":5}},"line":72},"5":{"name":"(anonymous_5)","decl":{"start":{"line":74,"column":26},"end":{"line":74,"column":27}},"loc":{"start":{"line":74,"column":32},"end":{"line":77,"column":9}},"line":74},"6":{"name":"(anonymous_6)","decl":{"start":{"line":80,"column":20},"end":{"line":80,"column":21}},"loc":{"start":{"line":80,"column":27},"end":{"line":93,"column":5}},"line":80},"7":{"name":"(anonymous_7)","decl":{"start":{"line":84,"column":11},"end":{"line":84,"column":12}},"loc":{"start":{"line":84,"column":17},"end":{"line":92,"column":9}},"line":84},"8":{"name":"(anonymous_8)","decl":{"start":{"line":95,"column":39},"end":{"line":95,"column":40}},"loc":{"start":{"line":95,"column":45},"end":{"line":97,"column":5}},"line":95},"9":{"name":"(anonymous_9)","decl":{"start":{"line":99,"column":21},"end":{"line":99,"column":22}},"loc":{"start":{"line":99,"column":28},"end":{"line":128,"column":5}},"line":99},"10":{"name":"(anonymous_10)","decl":{"start":{"line":103,"column":15},"end":{"line":103,"column":16}},"loc":{"start":{"line":103,"column":21},"end":{"line":105,"column":13}},"line":103},"11":{"name":"(anonymous_11)","decl":{"start":{"line":110,"column":19},"end":{"line":110,"column":20}},"loc":{"start":{"line":110,"column":25},"end":{"line":112,"column":17}},"line":110},"12":{"name":"(anonymous_12)","decl":{"start":{"line":130,"column":19},"end":{"line":130,"column":20}},"loc":{"start":{"line":130,"column":42},"end":{"line":147,"column":5}},"line":130},"13":{"name":"(anonymous_13)","decl":{"start":{"line":149,"column":29},"end":{"line":149,"column":30}},"loc":{"start":{"line":149,"column":58},"end":{"line":159,"column":5}},"line":149},"14":{"name":"(anonymous_14)","decl":{"start":{"line":149,"column":58},"end":{"line":149,"column":59}},"loc":{"start":{"line":149,"column":65},"end":{"line":159,"column":5}},"line":149},"15":{"name":"(anonymous_15)","decl":{"start":{"line":161,"column":25},"end":{"line":161,"column":26}},"loc":{"start":{"line":161,"column":44},"end":{"line":165,"column":5}},"line":161},"16":{"name":"(anonymous_16)","decl":{"start":{"line":161,"column":44},"end":{"line":161,"column":45}},"loc":{"start":{"line":161,"column":50},"end":{"line":165,"column":5}},"line":161},"17":{"name":"(anonymous_17)","decl":{"start":{"line":167,"column":20},"end":{"line":167,"column":21}},"loc":{"start":{"line":167,"column":26},"end":{"line":169,"column":5}},"line":167},"18":{"name":"(anonymous_18)","decl":{"start":{"line":171,"column":18},"end":{"line":171,"column":19}},"loc":{"start":{"line":171,"column":24},"end":{"line":173,"column":5}},"line":171},"19":{"name":"(anonymous_19)","decl":{"start":{"line":175,"column":35},"end":{"line":175,"column":36}},"loc":{"start":{"line":175,"column":41},"end":{"line":188,"column":5}},"line":175},"20":{"name":"(anonymous_20)","decl":{"start":{"line":190,"column":23},"end":{"line":190,"column":24}},"loc":{"start":{"line":190,"column":34},"end":{"line":194,"column":5}},"line":190},"21":{"name":"(anonymous_21)","decl":{"start":{"line":192,"column":53},"end":{"line":192,"column":54}},"loc":{"start":{"line":192,"column":60},"end":{"line":192,"column":79}},"line":192},"22":{"name":"(anonymous_22)","decl":{"start":{"line":196,"column":24},"end":{"line":196,"column":25}},"loc":{"start":{"line":196,"column":30},"end":{"line":204,"column":5}},"line":196},"23":{"name":"(anonymous_23)","decl":{"start":{"line":206,"column":20},"end":{"line":206,"column":21}},"loc":{"start":{"line":206,"column":26},"end":{"line":212,"column":5}},"line":206},"24":{"name":"(anonymous_24)","decl":{"start":{"line":214,"column":38},"end":{"line":214,"column":39}},"loc":{"start":{"line":214,"column":44},"end":{"line":215,"column":91}},"line":214},"25":{"name":"(anonymous_25)","decl":{"start":{"line":215,"column":37},"end":{"line":215,"column":38}},"loc":{"start":{"line":215,"column":47},"end":{"line":215,"column":90}},"line":215},"26":{"name":"(anonymous_26)","decl":{"start":{"line":217,"column":16},"end":{"line":217,"column":17}},"loc":{"start":{"line":217,"column":22},"end":{"line":219,"column":5}},"line":217},"27":{"name":"(anonymous_27)","decl":{"start":{"line":221,"column":26},"end":{"line":221,"column":27}},"loc":{"start":{"line":221,"column":39},"end":{"line":232,"column":5}},"line":221},"28":{"name":"(anonymous_28)","decl":{"start":{"line":222,"column":29},"end":{"line":222,"column":30}},"loc":{"start":{"line":222,"column":43},"end":{"line":222,"column":107}},"line":222},"29":{"name":"(anonymous_29)","decl":{"start":{"line":222,"column":71},"end":{"line":222,"column":72}},"loc":{"start":{"line":222,"column":80},"end":{"line":222,"column":106}},"line":222},"30":{"name":"(anonymous_30)","decl":{"start":{"line":225,"column":43},"end":{"line":225,"column":44}},"loc":{"start":{"line":225,"column":63},"end":{"line":225,"column":78}},"line":225},"31":{"name":"(anonymous_31)","decl":{"start":{"line":226,"column":28},"end":{"line":226,"column":29}},"loc":{"start":{"line":226,"column":64},"end":{"line":230,"column":9}},"line":226},"32":{"name":"(anonymous_32)","decl":{"start":{"line":231,"column":34},"end":{"line":231,"column":35}},"loc":{"start":{"line":231,"column":51},"end":{"line":231,"column":71}},"line":231},"33":{"name":"(anonymous_33)","decl":{"start":{"line":234,"column":20},"end":{"line":234,"column":21}},"loc":{"start":{"line":234,"column":30},"end":{"line":234,"column":102}},"line":234},"34":{"name":"(anonymous_34)","decl":{"start":{"line":236,"column":28},"end":{"line":236,"column":29}},"loc":{"start":{"line":236,"column":38},"end":{"line":244,"column":5}},"line":236},"35":{"name":"(anonymous_35)","decl":{"start":{"line":238,"column":89},"end":{"line":238,"column":90}},"loc":{"start":{"line":238,"column":98},"end":{"line":238,"column":109}},"line":238},"36":{"name":"(anonymous_36)","decl":{"start":{"line":246,"column":26},"end":{"line":246,"column":27}},"loc":{"start":{"line":246,"column":32},"end":{"line":256,"column":5}},"line":246},"37":{"name":"(anonymous_37)","decl":{"start":{"line":258,"column":23},"end":{"line":258,"column":24}},"loc":{"start":{"line":258,"column":64},"end":{"line":266,"column":5}},"line":258},"38":{"name":"(anonymous_38)","decl":{"start":{"line":259,"column":36},"end":{"line":259,"column":37}},"loc":{"start":{"line":259,"column":43},"end":{"line":259,"column":62}},"line":259},"39":{"name":"(anonymous_39)","decl":{"start":{"line":268,"column":18},"end":{"line":268,"column":19}},"loc":{"start":{"line":268,"column":24},"end":{"line":275,"column":5}},"line":268},"40":{"name":"(anonymous_40)","decl":{"start":{"line":277,"column":21},"end":{"line":277,"column":22}},"loc":{"start":{"line":277,"column":27},"end":{"line":294,"column":5}},"line":277},"41":{"name":"(anonymous_41)","decl":{"start":{"line":282,"column":25},"end":{"line":282,"column":26}},"loc":{"start":{"line":282,"column":35},"end":{"line":282,"column":66}},"line":282},"42":{"name":"(anonymous_42)","decl":{"start":{"line":289,"column":25},"end":{"line":289,"column":26}},"loc":{"start":{"line":289,"column":35},"end":{"line":289,"column":86}},"line":289},"43":{"name":"(anonymous_43)","decl":{"start":{"line":289,"column":48},"end":{"line":289,"column":49}},"loc":{"start":{"line":289,"column":57},"end":{"line":289,"column":85}},"line":289},"44":{"name":"(anonymous_44)","decl":{"start":{"line":296,"column":27},"end":{"line":296,"column":28}},"loc":{"start":{"line":296,"column":38},"end":{"line":316,"column":5}},"line":296},"45":{"name":"(anonymous_45)","decl":{"start":{"line":306,"column":11},"end":{"line":306,"column":12}},"loc":{"start":{"line":306,"column":17},"end":{"line":315,"column":9}},"line":306},"46":{"name":"(anonymous_46)","decl":{"start":{"line":318,"column":22},"end":{"line":318,"column":23}},"loc":{"start":{"line":318,"column":28},"end":{"line":319,"column":101}},"line":318},"47":{"name":"(anonymous_47)","decl":{"start":{"line":319,"column":45},"end":{"line":319,"column":46}},"loc":{"start":{"line":319,"column":55},"end":{"line":319,"column":93}},"line":319},"48":{"name":"(anonymous_48)","decl":{"start":{"line":321,"column":24},"end":{"line":321,"column":25}},"loc":{"start":{"line":321,"column":34},"end":{"line":321,"column":97}},"line":321},"49":{"name":"(anonymous_49)","decl":{"start":{"line":321,"column":63},"end":{"line":321,"column":64}},"loc":{"start":{"line":321,"column":70},"end":{"line":321,"column":96}},"line":321},"50":{"name":"(anonymous_50)","decl":{"start":{"line":323,"column":31},"end":{"line":323,"column":32}},"loc":{"start":{"line":323,"column":50},"end":{"line":326,"column":5}},"line":323},"51":{"name":"(anonymous_51)","decl":{"start":{"line":328,"column":39},"end":{"line":328,"column":40}},"loc":{"start":{"line":328,"column":45},"end":{"line":334,"column":5}},"line":328},"52":{"name":"(anonymous_52)","decl":{"start":{"line":336,"column":4},"end":{"line":336,"column":5}},"loc":{"start":{"line":336,"column":25},"end":{"line":338,"column":5}},"line":336},"53":{"name":"(anonymous_53)","decl":{"start":{"line":340,"column":4},"end":{"line":340,"column":5}},"loc":{"start":{"line":340,"column":24},"end":{"line":342,"column":5}},"line":340},"54":{"name":"(anonymous_54)","decl":{"start":{"line":344,"column":4},"end":{"line":344,"column":5}},"loc":{"start":{"line":344,"column":41},"end":{"line":346,"column":5}},"line":344},"55":{"name":"(anonymous_55)","decl":{"start":{"line":348,"column":4},"end":{"line":348,"column":5}},"loc":{"start":{"line":348,"column":29},"end":{"line":358,"column":5}},"line":348},"56":{"name":"(anonymous_56)","decl":{"start":{"line":360,"column":4},"end":{"line":360,"column":5}},"loc":{"start":{"line":360,"column":31},"end":{"line":368,"column":5}},"line":360},"57":{"name":"(anonymous_57)","decl":{"start":{"line":371,"column":4},"end":{"line":371,"column":5}},"loc":{"start":{"line":371,"column":28},"end":{"line":373,"column":5}},"line":371},"58":{"name":"(anonymous_58)","decl":{"start":{"line":375,"column":19},"end":{"line":375,"column":20}},"loc":{"start":{"line":375,"column":46},"end":{"line":389,"column":5}},"line":375},"59":{"name":"(anonymous_59)","decl":{"start":{"line":377,"column":22},"end":{"line":377,"column":23}},"loc":{"start":{"line":377,"column":33},"end":{"line":377,"column":86}},"line":377},"60":{"name":"(anonymous_60)","decl":{"start":{"line":391,"column":18},"end":{"line":391,"column":19}},"loc":{"start":{"line":391,"column":29},"end":{"line":405,"column":5}},"line":391},"61":{"name":"(anonymous_61)","decl":{"start":{"line":393,"column":52},"end":{"line":393,"column":53}},"loc":{"start":{"line":393,"column":62},"end":{"line":393,"column":90}},"line":393},"62":{"name":"(anonymous_62)","decl":{"start":{"line":402,"column":34},"end":{"line":402,"column":35}},"loc":{"start":{"line":402,"column":44},"end":{"line":402,"column":101}},"line":402},"63":{"name":"(anonymous_63)","decl":{"start":{"line":407,"column":4},"end":{"line":407,"column":5}},"loc":{"start":{"line":407,"column":19},"end":{"line":409,"column":5}},"line":407},"64":{"name":"(anonymous_64)","decl":{"start":{"line":411,"column":4},"end":{"line":411,"column":5}},"loc":{"start":{"line":411,"column":17},"end":{"line":423,"column":5}},"line":411},"65":{"name":"(anonymous_65)","decl":{"start":{"line":414,"column":26},"end":{"line":414,"column":27}},"loc":{"start":{"line":414,"column":37},"end":{"line":414,"column":71}},"line":414},"66":{"name":"(anonymous_66)","decl":{"start":{"line":418,"column":24},"end":{"line":418,"column":25}},"loc":{"start":{"line":418,"column":34},"end":{"line":418,"column":91}},"line":418},"67":{"name":"(anonymous_67)","decl":{"start":{"line":425,"column":24},"end":{"line":425,"column":25}},"loc":{"start":{"line":425,"column":31},"end":{"line":428,"column":5}},"line":425},"68":{"name":"(anonymous_68)","decl":{"start":{"line":430,"column":4},"end":{"line":430,"column":5}},"loc":{"start":{"line":430,"column":24},"end":{"line":436,"column":5}},"line":430},"69":{"name":"(anonymous_69)","decl":{"start":{"line":438,"column":4},"end":{"line":438,"column":5}},"loc":{"start":{"line":438,"column":13},"end":{"line":458,"column":5}},"line":438}},"branchMap":{"0":{"loc":{"start":{"line":81,"column":22},"end":{"line":81,"column":53}},"type":"binary-expr","locations":[{"start":{"line":81,"column":22},"end":{"line":81,"column":36}},{"start":{"line":81,"column":40},"end":{"line":81,"column":53}}],"line":81},"1":{"loc":{"start":{"line":89,"column":12},"end":{"line":91,"column":13}},"type":"if","locations":[{"start":{"line":89,"column":12},"end":{"line":91,"column":13}},{"start":{"line":89,"column":12},"end":{"line":91,"column":13}}],"line":89},"2":{"loc":{"start":{"line":89,"column":16},"end":{"line":89,"column":54}},"type":"binary-expr","locations":[{"start":{"line":89,"column":16},"end":{"line":89,"column":28}},{"start":{"line":89,"column":32},"end":{"line":89,"column":54}}],"line":89},"3":{"loc":{"start":{"line":100,"column":8},"end":{"line":127,"column":9}},"type":"if","locations":[{"start":{"line":100,"column":8},"end":{"line":127,"column":9}},{"start":{"line":100,"column":8},"end":{"line":127,"column":9}}],"line":100},"4":{"loc":{"start":{"line":106,"column":15},"end":{"line":127,"column":9}},"type":"if","locations":[{"start":{"line":106,"column":15},"end":{"line":127,"column":9}},{"start":{"line":106,"column":15},"end":{"line":127,"column":9}}],"line":106},"5":{"loc":{"start":{"line":107,"column":12},"end":{"line":117,"column":13}},"type":"if","locations":[{"start":{"line":107,"column":12},"end":{"line":117,"column":13}},{"start":{"line":107,"column":12},"end":{"line":117,"column":13}}],"line":107},"6":{"loc":{"start":{"line":118,"column":15},"end":{"line":127,"column":9}},"type":"if","locations":[{"start":{"line":118,"column":15},"end":{"line":127,"column":9}},{"start":{"line":118,"column":15},"end":{"line":127,"column":9}}],"line":118},"7":{"loc":{"start":{"line":118,"column":19},"end":{"line":118,"column":76}},"type":"binary-expr","locations":[{"start":{"line":118,"column":19},"end":{"line":118,"column":42}},{"start":{"line":118,"column":46},"end":{"line":118,"column":76}}],"line":118},"8":{"loc":{"start":{"line":119,"column":12},"end":{"line":122,"column":13}},"type":"if","locations":[{"start":{"line":119,"column":12},"end":{"line":122,"column":13}},{"start":{"line":119,"column":12},"end":{"line":122,"column":13}}],"line":119},"9":{"loc":{"start":{"line":123,"column":15},"end":{"line":127,"column":9}},"type":"if","locations":[{"start":{"line":123,"column":15},"end":{"line":127,"column":9}},{"start":{"line":123,"column":15},"end":{"line":127,"column":9}}],"line":123},"10":{"loc":{"start":{"line":132,"column":8},"end":{"line":146,"column":9}},"type":"if","locations":[{"start":{"line":132,"column":8},"end":{"line":146,"column":9}},{"start":{"line":132,"column":8},"end":{"line":146,"column":9}}],"line":132},"11":{"loc":{"start":{"line":138,"column":45},"end":{"line":138,"column":91}},"type":"binary-expr","locations":[{"start":{"line":138,"column":45},"end":{"line":138,"column":59}},{"start":{"line":138,"column":63},"end":{"line":138,"column":91}}],"line":138},"12":{"loc":{"start":{"line":139,"column":30},"end":{"line":140,"column":73}},"type":"cond-expr","locations":[{"start":{"line":139,"column":57},"end":{"line":139,"column":78}},{"start":{"line":140,"column":16},"end":{"line":140,"column":73}}],"line":139},"13":{"loc":{"start":{"line":140,"column":16},"end":{"line":140,"column":73}},"type":"cond-expr","locations":[{"start":{"line":140,"column":33},"end":{"line":140,"column":46}},{"start":{"line":140,"column":49},"end":{"line":140,"column":73}}],"line":140},"14":{"loc":{"start":{"line":162,"column":8},"end":{"line":164,"column":9}},"type":"if","locations":[{"start":{"line":162,"column":8},"end":{"line":164,"column":9}},{"start":{"line":162,"column":8},"end":{"line":164,"column":9}}],"line":162},"15":{"loc":{"start":{"line":177,"column":8},"end":{"line":179,"column":9}},"type":"if","locations":[{"start":{"line":177,"column":8},"end":{"line":179,"column":9}},{"start":{"line":177,"column":8},"end":{"line":179,"column":9}}],"line":177},"16":{"loc":{"start":{"line":180,"column":8},"end":{"line":182,"column":9}},"type":"if","locations":[{"start":{"line":180,"column":8},"end":{"line":182,"column":9}},{"start":{"line":180,"column":8},"end":{"line":182,"column":9}}],"line":180},"17":{"loc":{"start":{"line":180,"column":12},"end":{"line":180,"column":67}},"type":"binary-expr","locations":[{"start":{"line":180,"column":12},"end":{"line":180,"column":40}},{"start":{"line":180,"column":44},"end":{"line":180,"column":67}}],"line":180},"18":{"loc":{"start":{"line":183,"column":8},"end":{"line":185,"column":9}},"type":"if","locations":[{"start":{"line":183,"column":8},"end":{"line":185,"column":9}},{"start":{"line":183,"column":8},"end":{"line":185,"column":9}}],"line":183},"19":{"loc":{"start":{"line":193,"column":15},"end":{"line":193,"column":73}},"type":"cond-expr","locations":[{"start":{"line":193,"column":43},"end":{"line":193,"column":52}},{"start":{"line":193,"column":55},"end":{"line":193,"column":73}}],"line":193},"20":{"loc":{"start":{"line":198,"column":45},"end":{"line":198,"column":106}},"type":"cond-expr","locations":[{"start":{"line":198,"column":80},"end":{"line":198,"column":81}},{"start":{"line":198,"column":84},"end":{"line":198,"column":106}}],"line":198},"21":{"loc":{"start":{"line":200,"column":8},"end":{"line":202,"column":9}},"type":"if","locations":[{"start":{"line":200,"column":8},"end":{"line":202,"column":9}},{"start":{"line":200,"column":8},"end":{"line":202,"column":9}}],"line":200},"22":{"loc":{"start":{"line":200,"column":12},"end":{"line":200,"column":88}},"type":"binary-expr","locations":[{"start":{"line":200,"column":12},"end":{"line":200,"column":40}},{"start":{"line":200,"column":44},"end":{"line":200,"column":62}},{"start":{"line":200,"column":66},"end":{"line":200,"column":88}}],"line":200},"23":{"loc":{"start":{"line":203,"column":15},"end":{"line":203,"column":84}},"type":"cond-expr","locations":[{"start":{"line":203,"column":35},"end":{"line":203,"column":63}},{"start":{"line":203,"column":66},"end":{"line":203,"column":84}}],"line":203},"24":{"loc":{"start":{"line":208,"column":41},"end":{"line":209,"column":34}},"type":"cond-expr","locations":[{"start":{"line":208,"column":76},"end":{"line":208,"column":114}},{"start":{"line":209,"column":12},"end":{"line":209,"column":34}}],"line":208},"25":{"loc":{"start":{"line":211,"column":15},"end":{"line":211,"column":76}},"type":"cond-expr","locations":[{"start":{"line":211,"column":31},"end":{"line":211,"column":55}},{"start":{"line":211,"column":58},"end":{"line":211,"column":76}}],"line":211},"26":{"loc":{"start":{"line":214,"column":44},"end":{"line":215,"column":91}},"type":"cond-expr","locations":[{"start":{"line":214,"column":78},"end":{"line":214,"column":79}},{"start":{"line":215,"column":8},"end":{"line":215,"column":91}}],"line":214},"27":{"loc":{"start":{"line":229,"column":19},"end":{"line":229,"column":104}},"type":"cond-expr","locations":[{"start":{"line":229,"column":43},"end":{"line":229,"column":86}},{"start":{"line":229,"column":89},"end":{"line":229,"column":104}}],"line":229},"28":{"loc":{"start":{"line":237,"column":8},"end":{"line":242,"column":9}},"type":"if","locations":[{"start":{"line":237,"column":8},"end":{"line":242,"column":9}},{"start":{"line":237,"column":8},"end":{"line":242,"column":9}}],"line":237},"29":{"loc":{"start":{"line":239,"column":12},"end":{"line":241,"column":13}},"type":"if","locations":[{"start":{"line":239,"column":12},"end":{"line":241,"column":13}},{"start":{"line":239,"column":12},"end":{"line":241,"column":13}}],"line":239},"30":{"loc":{"start":{"line":249,"column":8},"end":{"line":253,"column":9}},"type":"if","locations":[{"start":{"line":249,"column":8},"end":{"line":253,"column":9}},{"start":{"line":249,"column":8},"end":{"line":253,"column":9}}],"line":249},"31":{"loc":{"start":{"line":258,"column":31},"end":{"line":258,"column":59}},"type":"default-arg","locations":[{"start":{"line":258,"column":41},"end":{"line":258,"column":59}}],"line":258},"32":{"loc":{"start":{"line":260,"column":8},"end":{"line":264,"column":9}},"type":"if","locations":[{"start":{"line":260,"column":8},"end":{"line":264,"column":9}},{"start":{"line":260,"column":8},"end":{"line":264,"column":9}}],"line":260},"33":{"loc":{"start":{"line":262,"column":15},"end":{"line":264,"column":9}},"type":"if","locations":[{"start":{"line":262,"column":15},"end":{"line":264,"column":9}},{"start":{"line":262,"column":15},"end":{"line":264,"column":9}}],"line":262},"34":{"loc":{"start":{"line":262,"column":19},"end":{"line":262,"column":70}},"type":"binary-expr","locations":[{"start":{"line":262,"column":19},"end":{"line":262,"column":47}},{"start":{"line":262,"column":51},"end":{"line":262,"column":70}}],"line":262},"35":{"loc":{"start":{"line":281,"column":41},"end":{"line":282,"column":67}},"type":"binary-expr","locations":[{"start":{"line":281,"column":41},"end":{"line":281,"column":54}},{"start":{"line":282,"column":12},"end":{"line":282,"column":67}}],"line":281},"36":{"loc":{"start":{"line":284,"column":8},"end":{"line":286,"column":9}},"type":"if","locations":[{"start":{"line":284,"column":8},"end":{"line":286,"column":9}},{"start":{"line":284,"column":8},"end":{"line":286,"column":9}}],"line":284},"37":{"loc":{"start":{"line":288,"column":45},"end":{"line":289,"column":87}},"type":"binary-expr","locations":[{"start":{"line":288,"column":45},"end":{"line":288,"column":58}},{"start":{"line":289,"column":12},"end":{"line":289,"column":87}}],"line":288},"38":{"loc":{"start":{"line":291,"column":8},"end":{"line":293,"column":9}},"type":"if","locations":[{"start":{"line":291,"column":8},"end":{"line":293,"column":9}},{"start":{"line":291,"column":8},"end":{"line":293,"column":9}}],"line":291},"39":{"loc":{"start":{"line":300,"column":30},"end":{"line":300,"column":96}},"type":"cond-expr","locations":[{"start":{"line":300,"column":53},"end":{"line":300,"column":60}},{"start":{"line":300,"column":63},"end":{"line":300,"column":96}}],"line":300},"40":{"loc":{"start":{"line":307,"column":12},"end":{"line":314,"column":13}},"type":"if","locations":[{"start":{"line":307,"column":12},"end":{"line":314,"column":13}},{"start":{"line":307,"column":12},"end":{"line":314,"column":13}}],"line":307},"41":{"loc":{"start":{"line":307,"column":16},"end":{"line":307,"column":68}},"type":"binary-expr","locations":[{"start":{"line":307,"column":16},"end":{"line":307,"column":44}},{"start":{"line":307,"column":48},"end":{"line":307,"column":68}}],"line":307},"42":{"loc":{"start":{"line":318,"column":28},"end":{"line":319,"column":101}},"type":"binary-expr","locations":[{"start":{"line":318,"column":28},"end":{"line":318,"column":56}},{"start":{"line":319,"column":8},"end":{"line":319,"column":101}}],"line":318},"43":{"loc":{"start":{"line":329,"column":8},"end":{"line":333,"column":9}},"type":"if","locations":[{"start":{"line":329,"column":8},"end":{"line":333,"column":9}},{"start":{"line":329,"column":8},"end":{"line":333,"column":9}}],"line":329},"44":{"loc":{"start":{"line":329,"column":12},"end":{"line":329,"column":112}},"type":"binary-expr","locations":[{"start":{"line":329,"column":12},"end":{"line":329,"column":29}},{"start":{"line":329,"column":33},"end":{"line":329,"column":74}},{"start":{"line":329,"column":78},"end":{"line":329,"column":112}}],"line":329},"45":{"loc":{"start":{"line":349,"column":8},"end":{"line":357,"column":9}},"type":"if","locations":[{"start":{"line":349,"column":8},"end":{"line":357,"column":9}},{"start":{"line":349,"column":8},"end":{"line":357,"column":9}}],"line":349},"46":{"loc":{"start":{"line":349,"column":12},"end":{"line":350,"column":46}},"type":"binary-expr","locations":[{"start":{"line":349,"column":12},"end":{"line":349,"column":41}},{"start":{"line":349,"column":45},"end":{"line":349,"column":84}},{"start":{"line":350,"column":12},"end":{"line":350,"column":46}}],"line":349},"47":{"loc":{"start":{"line":361,"column":8},"end":{"line":367,"column":9}},"type":"if","locations":[{"start":{"line":361,"column":8},"end":{"line":367,"column":9}},{"start":{"line":361,"column":8},"end":{"line":367,"column":9}}],"line":361},"48":{"loc":{"start":{"line":361,"column":12},"end":{"line":361,"column":104}},"type":"binary-expr","locations":[{"start":{"line":361,"column":12},"end":{"line":361,"column":40}},{"start":{"line":361,"column":44},"end":{"line":361,"column":78}},{"start":{"line":361,"column":82},"end":{"line":361,"column":104}}],"line":361},"49":{"loc":{"start":{"line":386,"column":17},"end":{"line":386,"column":75}},"type":"cond-expr","locations":[{"start":{"line":386,"column":40},"end":{"line":386,"column":68}},{"start":{"line":386,"column":71},"end":{"line":386,"column":75}}],"line":386},"50":{"loc":{"start":{"line":395,"column":8},"end":{"line":397,"column":9}},"type":"if","locations":[{"start":{"line":395,"column":8},"end":{"line":397,"column":9}},{"start":{"line":395,"column":8},"end":{"line":397,"column":9}}],"line":395},"51":{"loc":{"start":{"line":395,"column":12},"end":{"line":395,"column":70}},"type":"binary-expr","locations":[{"start":{"line":395,"column":12},"end":{"line":395,"column":41}},{"start":{"line":395,"column":45},"end":{"line":395,"column":70}}],"line":395},"52":{"loc":{"start":{"line":412,"column":8},"end":{"line":422,"column":9}},"type":"if","locations":[{"start":{"line":412,"column":8},"end":{"line":422,"column":9}},{"start":{"line":412,"column":8},"end":{"line":422,"column":9}}],"line":412},"53":{"loc":{"start":{"line":417,"column":21},"end":{"line":419,"column":43}},"type":"cond-expr","locations":[{"start":{"line":417,"column":55},"end":{"line":418,"column":92}},{"start":{"line":419,"column":24},"end":{"line":419,"column":43}}],"line":417},"54":{"loc":{"start":{"line":431,"column":8},"end":{"line":435,"column":9}},"type":"if","locations":[{"start":{"line":431,"column":8},"end":{"line":435,"column":9}},{"start":{"line":431,"column":8},"end":{"line":435,"column":9}}],"line":431},"55":{"loc":{"start":{"line":431,"column":12},"end":{"line":431,"column":54}},"type":"binary-expr","locations":[{"start":{"line":431,"column":12},"end":{"line":431,"column":34}},{"start":{"line":431,"column":38},"end":{"line":431,"column":54}}],"line":431},"56":{"loc":{"start":{"line":439,"column":23},"end":{"line":439,"column":63}},"type":"cond-expr","locations":[{"start":{"line":439,"column":39},"end":{"line":439,"column":58}},{"start":{"line":439,"column":61},"end":{"line":439,"column":63}}],"line":439}},"s":{"0":1,"1":1,"2":1,"3":1,"4":1,"5":1,"6":61,"7":1,"8":24,"9":24,"10":24,"11":24,"12":167,"13":167,"14":167,"15":167,"16":1,"17":167,"18":249,"19":12,"20":12,"21":237,"22":44,"23":40,"24":40,"25":4,"26":193,"27":13,"28":11,"29":11,"30":180,"31":3,"32":35,"33":35,"34":6,"35":29,"36":29,"37":29,"38":29,"39":29,"40":29,"41":765,"42":11,"43":11,"44":11,"45":11,"46":51,"47":51,"48":38,"49":38,"50":24,"51":29,"52":29,"53":6,"54":23,"55":3,"56":20,"57":1,"58":19,"59":19,"60":82,"61":82,"62":259,"63":82,"64":12,"65":12,"66":12,"67":12,"68":1,"69":11,"70":40,"71":40,"72":40,"73":40,"74":16,"75":1,"76":662,"77":6,"78":48,"79":72,"80":6,"81":24,"82":6,"83":24,"84":24,"85":6,"86":24,"87":7772,"88":4936,"89":1580,"90":764,"91":1580,"92":382,"93":4554,"94":2051,"95":2051,"96":817,"97":1234,"98":2051,"99":2175,"100":8295,"101":2175,"102":132,"103":2043,"104":44,"105":1999,"106":3,"107":84,"108":84,"109":84,"110":26,"111":84,"112":1,"113":83,"114":25,"115":38,"116":83,"117":1,"118":84,"119":82,"120":82,"121":82,"122":82,"123":2,"124":2,"125":117,"126":24,"127":649,"128":1573,"129":816,"130":816,"131":52,"132":51,"133":51,"134":51,"135":81,"136":81,"137":3,"138":454,"139":146,"140":454,"141":116,"142":116,"143":116,"144":765,"145":1457,"146":210,"147":210,"148":160,"149":210,"150":114,"151":96,"152":80,"153":105,"154":662,"155":454,"156":881,"157":569,"158":2,"159":2,"160":662,"161":6,"162":662,"163":662},"f":{"0":16,"1":22,"2":61,"3":1,"4":24,"5":24,"6":167,"7":167,"8":167,"9":249,"10":12,"11":40,"12":35,"13":765,"14":11,"15":51,"16":51,"17":38,"18":24,"19":29,"20":82,"21":259,"22":12,"23":40,"24":16,"25":1,"26":662,"27":6,"28":48,"29":72,"30":24,"31":24,"32":24,"33":7772,"34":4936,"35":764,"36":2051,"37":2175,"38":8295,"39":3,"40":84,"41":26,"42":25,"43":38,"44":84,"45":82,"46":117,"47":24,"48":649,"49":1573,"50":816,"51":52,"52":81,"53":81,"54":3,"55":454,"56":454,"57":116,"58":765,"59":1457,"60":210,"61":160,"62":80,"63":105,"64":662,"65":881,"66":569,"67":2,"68":662,"69":662},"b":{"0":[167,1],"1":[1,166],"2":[167,1],"3":[12,237],"4":[44,193],"5":[40,4],"6":[13,180],"7":[193,182],"8":[11,2],"9":[3,177],"10":[6,29],"11":[29,7],"12":[1,28],"13":[6,22],"14":[38,13],"15":[6,23],"16":[3,20],"17":[23,3],"18":[1,19],"19":[71,11],"20":[4,8],"21":[1,11],"22":[12,1,1],"23":[8,3],"24":[16,24],"25":[35,5],"26":[15,1],"27":[12,12],"28":[1580,3356],"29":[382,1198],"30":[817,1234],"31":[2093],"32":[132,2043],"33":[44,1999],"34":[2043,462],"35":[84,8],"36":[1,83],"37":[83,7],"38":[1,82],"39":[76,6],"40":[2,80],"41":[82,2],"42":[117,117],"43":[51,1],"44":[52,52,52],"45":[146,308],"46":[454,333,147],"47":[116,338],"48":[454,121,116],"49":[116,649],"50":[114,96],"51":[210,152],"52":[454,208],"53":[349,105],"54":[6,656],"55":[662,16],"56":[2,660]},"_coverageSchema":"332fd63041d2c1bcb487cc26dd0d5f7d97098a6c","hash":"45b9e183767d0fe96daccf3d09265301d6423132"}
}
