TN:
SF:C:\projects\puc\SundD\typereact\src\Typeahead.jsx
FN:42,(anonymous_0)
FN:43,(anonymous_1)
FN:60,(anonymous_2)
FN:66,(anonymous_3)
FN:72,(anonymous_4)
FN:74,(anonymous_5)
FN:80,(anonymous_6)
FN:84,(anonymous_7)
FN:95,(anonymous_8)
FN:99,(anonymous_9)
FN:103,(anonymous_10)
FN:110,(anonymous_11)
FN:130,(anonymous_12)
FN:149,(anonymous_13)
FN:149,(anonymous_14)
FN:161,(anonymous_15)
FN:161,(anonymous_16)
FN:167,(anonymous_17)
FN:171,(anonymous_18)
FN:175,(anonymous_19)
FN:190,(anonymous_20)
FN:192,(anonymous_21)
FN:196,(anonymous_22)
FN:206,(anonymous_23)
FN:214,(anonymous_24)
FN:215,(anonymous_25)
FN:217,(anonymous_26)
FN:221,(anonymous_27)
FN:222,(anonymous_28)
FN:222,(anonymous_29)
FN:225,(anonymous_30)
FN:226,(anonymous_31)
FN:231,(anonymous_32)
FN:234,(anonymous_33)
FN:236,(anonymous_34)
FN:238,(anonymous_35)
FN:246,(anonymous_36)
FN:258,(anonymous_37)
FN:259,(anonymous_38)
FN:268,(anonymous_39)
FN:277,(anonymous_40)
FN:282,(anonymous_41)
FN:289,(anonymous_42)
FN:289,(anonymous_43)
FN:296,(anonymous_44)
FN:306,(anonymous_45)
FN:318,(anonymous_46)
FN:319,(anonymous_47)
FN:321,(anonymous_48)
FN:321,(anonymous_49)
FN:323,(anonymous_50)
FN:328,(anonymous_51)
FN:336,(anonymous_52)
FN:340,(anonymous_53)
FN:344,(anonymous_54)
FN:348,(anonymous_55)
FN:360,(anonymous_56)
FN:371,(anonymous_57)
FN:375,(anonymous_58)
FN:377,(anonymous_59)
FN:391,(anonymous_60)
FN:393,(anonymous_61)
FN:402,(anonymous_62)
FN:407,(anonymous_63)
FN:411,(anonymous_64)
FN:414,(anonymous_65)
FN:418,(anonymous_66)
FN:425,(anonymous_67)
FN:430,(anonymous_68)
FN:438,(anonymous_69)
FNF:70
FNH:70
FNDA:16,(anonymous_0)
FNDA:22,(anonymous_1)
FNDA:61,(anonymous_2)
FNDA:1,(anonymous_3)
FNDA:24,(anonymous_4)
FNDA:24,(anonymous_5)
FNDA:167,(anonymous_6)
FNDA:167,(anonymous_7)
FNDA:167,(anonymous_8)
FNDA:249,(anonymous_9)
FNDA:12,(anonymous_10)
FNDA:40,(anonymous_11)
FNDA:35,(anonymous_12)
FNDA:765,(anonymous_13)
FNDA:11,(anonymous_14)
FNDA:51,(anonymous_15)
FNDA:51,(anonymous_16)
FNDA:38,(anonymous_17)
FNDA:24,(anonymous_18)
FNDA:29,(anonymous_19)
FNDA:82,(anonymous_20)
FNDA:259,(anonymous_21)
FNDA:12,(anonymous_22)
FNDA:40,(anonymous_23)
FNDA:16,(anonymous_24)
FNDA:1,(anonymous_25)
FNDA:662,(anonymous_26)
FNDA:6,(anonymous_27)
FNDA:48,(anonymous_28)
FNDA:72,(anonymous_29)
FNDA:24,(anonymous_30)
FNDA:24,(anonymous_31)
FNDA:24,(anonymous_32)
FNDA:7772,(anonymous_33)
FNDA:4936,(anonymous_34)
FNDA:764,(anonymous_35)
FNDA:2051,(anonymous_36)
FNDA:2175,(anonymous_37)
FNDA:8295,(anonymous_38)
FNDA:3,(anonymous_39)
FNDA:84,(anonymous_40)
FNDA:26,(anonymous_41)
FNDA:25,(anonymous_42)
FNDA:38,(anonymous_43)
FNDA:84,(anonymous_44)
FNDA:82,(anonymous_45)
FNDA:117,(anonymous_46)
FNDA:24,(anonymous_47)
FNDA:649,(anonymous_48)
FNDA:1573,(anonymous_49)
FNDA:816,(anonymous_50)
FNDA:52,(anonymous_51)
FNDA:81,(anonymous_52)
FNDA:81,(anonymous_53)
FNDA:3,(anonymous_54)
FNDA:454,(anonymous_55)
FNDA:454,(anonymous_56)
FNDA:116,(anonymous_57)
FNDA:765,(anonymous_58)
FNDA:1457,(anonymous_59)
FNDA:210,(anonymous_60)
FNDA:160,(anonymous_61)
FNDA:80,(anonymous_62)
FNDA:105,(anonymous_63)
FNDA:662,(anonymous_64)
FNDA:881,(anonymous_65)
FNDA:569,(anonymous_66)
FNDA:2,(anonymous_67)
FNDA:662,(anonymous_68)
FNDA:662,(anonymous_69)
DA:5,1
DA:6,1
DA:7,1
DA:8,1
DA:9,1
DA:10,1
DA:61,61
DA:67,1
DA:73,24
DA:74,24
DA:75,24
DA:76,24
DA:81,167
DA:82,167
DA:85,167
DA:89,167
DA:90,1
DA:96,167
DA:100,249
DA:101,12
DA:104,12
DA:106,237
DA:107,44
DA:108,40
DA:111,40
DA:114,4
DA:118,193
DA:119,13
DA:120,11
DA:121,11
DA:123,180
DA:124,3
DA:131,35
DA:132,35
DA:133,6
DA:135,29
DA:136,29
DA:137,29
DA:138,29
DA:139,29
DA:141,29
DA:149,765
DA:150,11
DA:151,11
DA:152,11
DA:153,11
DA:161,51
DA:162,51
DA:163,38
DA:168,38
DA:172,24
DA:176,29
DA:177,29
DA:178,6
DA:180,23
DA:181,3
DA:183,20
DA:184,1
DA:186,19
DA:187,19
DA:191,82
DA:192,259
DA:193,82
DA:197,12
DA:198,12
DA:199,12
DA:200,12
DA:201,1
DA:203,11
DA:207,40
DA:208,40
DA:210,40
DA:211,40
DA:214,16
DA:215,1
DA:218,662
DA:222,72
DA:225,24
DA:226,6
DA:227,24
DA:229,24
DA:231,24
DA:234,7772
DA:237,4936
DA:238,1580
DA:239,1580
DA:240,382
DA:243,4554
DA:247,2051
DA:249,2051
DA:250,817
DA:252,1234
DA:255,2051
DA:259,8295
DA:260,2175
DA:261,132
DA:262,2043
DA:263,44
DA:265,1999
DA:269,3
DA:278,84
DA:280,84
DA:281,84
DA:282,26
DA:284,84
DA:285,1
DA:288,83
DA:289,38
DA:291,83
DA:292,1
DA:297,84
DA:299,82
DA:300,82
DA:301,82
DA:307,82
DA:308,2
DA:309,2
DA:318,117
DA:319,24
DA:321,1573
DA:324,816
DA:325,816
DA:329,52
DA:330,51
DA:331,51
DA:332,51
DA:337,81
DA:341,81
DA:345,3
DA:349,454
DA:351,146
DA:361,454
DA:362,116
DA:366,116
DA:372,116
DA:376,765
DA:377,1457
DA:392,210
DA:393,210
DA:395,210
DA:396,114
DA:399,96
DA:402,80
DA:408,105
DA:412,662
DA:413,454
DA:414,881
DA:418,569
DA:426,2
DA:427,2
DA:431,662
DA:432,6
DA:439,662
DA:440,662
LF:154
LH:154
BRDA:81,0,0,167
BRDA:81,0,1,1
BRDA:89,1,0,1
BRDA:89,1,1,166
BRDA:89,2,0,167
BRDA:89,2,1,1
BRDA:100,3,0,12
BRDA:100,3,1,237
BRDA:106,4,0,44
BRDA:106,4,1,193
BRDA:107,5,0,40
BRDA:107,5,1,4
BRDA:118,6,0,13
BRDA:118,6,1,180
BRDA:118,7,0,193
BRDA:118,7,1,182
BRDA:119,8,0,11
BRDA:119,8,1,2
BRDA:123,9,0,3
BRDA:123,9,1,177
BRDA:132,10,0,6
BRDA:132,10,1,29
BRDA:138,11,0,29
BRDA:138,11,1,7
BRDA:139,12,0,1
BRDA:139,12,1,28
BRDA:140,13,0,6
BRDA:140,13,1,22
BRDA:162,14,0,38
BRDA:162,14,1,13
BRDA:177,15,0,6
BRDA:177,15,1,23
BRDA:180,16,0,3
BRDA:180,16,1,20
BRDA:180,17,0,23
BRDA:180,17,1,3
BRDA:183,18,0,1
BRDA:183,18,1,19
BRDA:193,19,0,71
BRDA:193,19,1,11
BRDA:198,20,0,4
BRDA:198,20,1,8
BRDA:200,21,0,1
BRDA:200,21,1,11
BRDA:200,22,0,12
BRDA:200,22,1,1
BRDA:200,22,2,1
BRDA:203,23,0,8
BRDA:203,23,1,3
BRDA:208,24,0,16
BRDA:208,24,1,24
BRDA:211,25,0,35
BRDA:211,25,1,5
BRDA:214,26,0,15
BRDA:214,26,1,1
BRDA:229,27,0,12
BRDA:229,27,1,12
BRDA:237,28,0,1580
BRDA:237,28,1,3356
BRDA:239,29,0,382
BRDA:239,29,1,1198
BRDA:249,30,0,817
BRDA:249,30,1,1234
BRDA:258,31,0,2093
BRDA:260,32,0,132
BRDA:260,32,1,2043
BRDA:262,33,0,44
BRDA:262,33,1,1999
BRDA:262,34,0,2043
BRDA:262,34,1,462
BRDA:281,35,0,84
BRDA:281,35,1,8
BRDA:284,36,0,1
BRDA:284,36,1,83
BRDA:288,37,0,83
BRDA:288,37,1,7
BRDA:291,38,0,1
BRDA:291,38,1,82
BRDA:300,39,0,76
BRDA:300,39,1,6
BRDA:307,40,0,2
BRDA:307,40,1,80
BRDA:307,41,0,82
BRDA:307,41,1,2
BRDA:318,42,0,117
BRDA:318,42,1,117
BRDA:329,43,0,51
BRDA:329,43,1,1
BRDA:329,44,0,52
BRDA:329,44,1,52
BRDA:329,44,2,52
BRDA:349,45,0,146
BRDA:349,45,1,308
BRDA:349,46,0,454
BRDA:349,46,1,333
BRDA:349,46,2,147
BRDA:361,47,0,116
BRDA:361,47,1,338
BRDA:361,48,0,454
BRDA:361,48,1,121
BRDA:361,48,2,116
BRDA:386,49,0,116
BRDA:386,49,1,649
BRDA:395,50,0,114
BRDA:395,50,1,96
BRDA:395,51,0,210
BRDA:395,51,1,152
BRDA:412,52,0,454
BRDA:412,52,1,208
BRDA:417,53,0,349
BRDA:417,53,1,105
BRDA:431,54,0,6
BRDA:431,54,1,656
BRDA:431,55,0,662
BRDA:431,55,1,16
BRDA:439,56,0,2
BRDA:439,56,1,660
BRF:117
BRH:117
end_of_record
